..\..\bin\plug_IDMT_d.ilk
..\..\bin\plug_IDMT_d.pdb
D:\EYE TRACKING DATA\EYETRACEBUTLER.GIT\BIN\PLUG_IDMT_D.DLL
D:\Eye tracking Data\eyetracebutler.git\bin\plug_IDMT_d.exp
D:\EYE TRACKING DATA\EYETRACEBUTLER.GIT\BIN\PLUG_IDMT_D.ILK
D:\Eye tracking Data\eyetracebutler.git\bin\plug_IDMT_d.lib
D:\EYE TRACKING DATA\EYETRACEBUTLER.GIT\BIN\PLUG_IDMT_D.PDB
D:\EYE TRACKING DATA\EYETRACEBUTLER.GIT\BUILD\PLUGIN_IDMT\GENERATEDFILES\QRC_EYETRACEBUTLER.CPP
D:\EYE TRACKING DATA\EYETRACEBUTLER.GIT\BUILD\PLUGIN_IDMT\GENERATEDFILES\UI_IDMT.H
D:\EYE TRACKING DATA\EYETRACEBUTLER.GIT\BUILD\PLUGIN_IDMT\MOC\MOC_IDMT_WIDGET.CPP
D:\EYE TRACKING DATA\EYETRACEBUTLER.GIT\BUILD\PLUGIN_IDMT\MOC\MOC_TIMELINEMARKER.CPP
D:\EYE TRACKING DATA\EYETRACEBUTLER.GIT\BUILD\PLUGIN_IDMT\WIN32\DEBUG\IDMT.OBJ
D:\EYE TRACKING DATA\EYETRACEBUTLER.GIT\BUILD\PLUGIN_IDMT\WIN32\DEBUG\IDMT_WIDGET.OBJ
D:\EYE TRACKING DATA\EYETRACEBUTLER.GIT\BUILD\PLUGIN_IDMT\WIN32\DEBUG\MOC_IDMT_WIDGET.OBJ
D:\EYE TRACKING DATA\EYETRACEBUTLER.GIT\BUILD\PLUGIN_IDMT\WIN32\DEBUG\MOC_TIMELINEMARKER.OBJ
D:\EYE TRACKING DATA\EYETRACEBUTLER.GIT\BUILD\PLUGIN_IDMT\WIN32\DEBUG\PLUG_IDMT_D.DLL.INTERMEDIATE.MANIFEST
D:\EYE TRACKING DATA\EYETRACEBUTLER.GIT\BUILD\PLUGIN_IDMT\WIN32\DEBUG\PLUGIN_WIDGET.OBJ
D:\EYE TRACKING DATA\EYETRACEBUTLER.GIT\BUILD\PLUGIN_IDMT\WIN32\DEBUG\QRC_EYETRACEBUTLER.OBJ
D:\EYE TRACKING DATA\EYETRACEBUTLER.GIT\BUILD\PLUGIN_IDMT\WIN32\DEBUG\TIMELINEMARKER.OBJ
D:\EYE TRACKING DATA\EYETRACEBUTLER.GIT\BUILD\PLUGIN_IDMT\WIN32\DEBUG\VC100.PDB
D:\EYETRACKINGDATA\EYETRACEBUTLER.GIT\BIN\PLUG_IDMT_D.DLL
D:\EyetrackingData\eyetracebutler.git\bin\plug_IDMT_d.exp
D:\EYETRACKINGDATA\EYETRACEBUTLER.GIT\BIN\PLUG_IDMT_D.ILK
D:\EyetrackingData\eyetracebutler.git\bin\plug_IDMT_d.lib
D:\EYETRACKINGDATA\EYETRACEBUTLER.GIT\BIN\PLUG_IDMT_D.PDB
D:\EyetrackingData\eyetracebutler.git\build\plugin_idmt\..\..\bin\plug_IDMT_d.dll
D:\EYETRACKINGDATA\EYETRACEBUTLER.GIT\BUILD\PLUGIN_IDMT\GENERATEDFILES\QRC_EYETRACEBUTLER.CPP
D:\EYETRACKINGDATA\EYETRACEBUTLER.GIT\BUILD\PLUGIN_IDMT\GENERATEDFILES\UI_IDMT.H
D:\EYETRACKINGDATA\EYETRACEBUTLER.GIT\BUILD\PLUGIN_IDMT\MOC\MOC_IDMT_WIDGET.CPP
D:\EYETRACKINGDATA\EYETRACEBUTLER.GIT\BUILD\PLUGIN_IDMT\MOC\MOC_TIMELINEMARKER.CPP
D:\EyetrackingData\eyetracebutler.git\build\plugin_idmt\Win32\Debug\cl.command.1.tlog
D:\EyetrackingData\eyetracebutler.git\build\plugin_idmt\Win32\Debug\CL.read.1.tlog
D:\EyetrackingData\eyetracebutler.git\build\plugin_idmt\Win32\Debug\CL.write.1.tlog
D:\EyetrackingData\eyetracebutler.git\build\plugin_idmt\Win32\Debug\custombuild.command.1.tlog
D:\EyetrackingData\eyetracebutler.git\build\plugin_idmt\Win32\Debug\custombuild.read.1.tlog
D:\EyetrackingData\eyetracebutler.git\build\plugin_idmt\Win32\Debug\custombuild.write.1.tlog
D:\EYETRACKINGDATA\EYETRACEBUTLER.GIT\BUILD\PLUGIN_IDMT\WIN32\DEBUG\IDMT.OBJ
D:\EYETRACKINGDATA\EYETRACEBUTLER.GIT\BUILD\PLUGIN_IDMT\WIN32\DEBUG\IDMT_WIDGET.OBJ
D:\EyetrackingData\eyetracebutler.git\build\plugin_idmt\Win32\Debug\link.command.1.tlog
D:\EyetrackingData\eyetracebutler.git\build\plugin_idmt\Win32\Debug\link.read.1.tlog
D:\EyetrackingData\eyetracebutler.git\build\plugin_idmt\Win32\Debug\link.write.1.tlog
D:\EYETRACKINGDATA\EYETRACEBUTLER.GIT\BUILD\PLUGIN_IDMT\WIN32\DEBUG\MOC_IDMT_WIDGET.OBJ
D:\EYETRACKINGDATA\EYETRACEBUTLER.GIT\BUILD\PLUGIN_IDMT\WIN32\DEBUG\MOC_TIMELINEMARKER.OBJ
D:\EyetrackingData\eyetracebutler.git\build\plugin_idmt\Win32\Debug\mt.command.1.tlog
D:\EyetrackingData\eyetracebutler.git\build\plugin_idmt\Win32\Debug\mt.read.1.tlog
D:\EyetrackingData\eyetracebutler.git\build\plugin_idmt\Win32\Debug\mt.write.1.tlog
D:\EYETRACKINGDATA\EYETRACEBUTLER.GIT\BUILD\PLUGIN_IDMT\WIN32\DEBUG\PLUG_IDMT_D.DLL.INTERMEDIATE.MANIFEST
D:\EyetrackingData\eyetracebutler.git\build\plugin_idmt\Win32\Debug\plug_IDMT_d.vcxprojResolveAssemblyReference.cache
D:\EyetrackingData\eyetracebutler.git\build\plugin_idmt\Win32\Debug\plug_IDMT_d.write.1.tlog
D:\EYETRACKINGDATA\EYETRACEBUTLER.GIT\BUILD\PLUGIN_IDMT\WIN32\DEBUG\PLUGIN_WIDGET.OBJ
D:\EYETRACKINGDATA\EYETRACEBUTLER.GIT\BUILD\PLUGIN_IDMT\WIN32\DEBUG\QRC_EYETRACEBUTLER.OBJ
D:\EYETRACKINGDATA\EYETRACEBUTLER.GIT\BUILD\PLUGIN_IDMT\WIN32\DEBUG\TIMELINEMARKER.OBJ
D:\EYETRACKINGDATA\EYETRACEBUTLER.GIT\BUILD\PLUGIN_IDMT\WIN32\DEBUG\VC100.PDB
