..\..\bin\eyetracebutler_d.ilk
..\..\bin\eyetracebutler_d.pdb
D:\EYE TRACKING DATA\EYETRACEBUTLER.GIT\BIN\EYETRACEBUTLER_D.EXE
D:\EYE TRACKING DATA\EYETRACEBUTLER.GIT\BIN\EYETRACEBUTLER_D.ILK
D:\EYE TRACKING DATA\EYETRACEBUTLER.GIT\BIN\EYETRACEBUTLER_D.PDB
D:\EYE TRACKING DATA\EYETRACEBUTLER.GIT\BUILD\EYETRACEBUTLER\GENERATEDFILES\DEBUG\MOC_EYETRACEBUTLER_WIDGET.CPP
D:\EYE TRACKING DATA\EYETRACEBUTLER.GIT\BUILD\EYETRACEBUTLER\GENERATEDFILES\QRC_EYETRACEBUTLER.CPP
D:\EYE TRACKING DATA\EYETRACEBUTLER.GIT\BUILD\EYETRACEBUTLER\GENERATEDFILES\UI_EYETRACEBUTLER.H
D:\EYE TRACKING DATA\EYETRACEBUTLER.GIT\BUILD\EYETRACEBUTLER\WIN32\DEBUG\EYETRACEBUTLER_D.EXE.INTERMEDIATE.MANIFEST
D:\EYE TRACKING DATA\EYETRACEBUTLER.GIT\BUILD\EYETRACEBUTLER\WIN32\DEBUG\EYETRACEBUTLER_WIDGET.OBJ
D:\EYE TRACKING DATA\EYETRACEBUTLER.GIT\BUILD\EYETRACEBUTLER\WIN32\DEBUG\MOC_EYETRACEBUTLER_WIDGET.OBJ
D:\EYE TRACKING DATA\EYETRACEBUTLER.GIT\BUILD\EYETRACEBUTLER\WIN32\DEBUG\QRC_EYETRACEBUTLER.OBJ
D:\EYE TRACKING DATA\EYETRACEBUTLER.GIT\BUILD\EYETRACEBUTLER\WIN32\DEBUG\VC100.PDB
D:\EYETRACKINGDATA\EYETRACEBUTLER.GIT\BIN\EYETRACEBUTLER_D.EXE
D:\EYETRACKINGDATA\EYETRACEBUTLER.GIT\BIN\EYETRACEBUTLER_D.ILK
D:\EYETRACKINGDATA\EYETRACEBUTLER.GIT\BIN\EYETRACEBUTLER_D.PDB
D:\EyetrackingData\eyetracebutler.git\build\eyetracebutler\..\..\bin\eyetracebutler_d.exe
D:\EYETRACKINGDATA\EYETRACEBUTLER.GIT\BUILD\EYETRACEBUTLER\GENERATEDFILES\DEBUG\MOC_EYETRACEBUTLER_WIDGET.CPP
D:\EYETRACKINGDATA\EYETRACEBUTLER.GIT\BUILD\EYETRACEBUTLER\GENERATEDFILES\QRC_EYETRACEBUTLER.CPP
D:\EYETRACKINGDATA\EYETRACEBUTLER.GIT\BUILD\EYETRACEBUTLER\GENERATEDFILES\UI_EYETRACEBUTLER.H
D:\EyetrackingData\eyetracebutler.git\build\eyetracebutler\Win32\Debug\cl.command.1.tlog
D:\EyetrackingData\eyetracebutler.git\build\eyetracebutler\Win32\Debug\CL.read.1.tlog
D:\EyetrackingData\eyetracebutler.git\build\eyetracebutler\Win32\Debug\CL.write.1.tlog
D:\EyetrackingData\eyetracebutler.git\build\eyetracebutler\Win32\Debug\custombuild.command.1.tlog
D:\EyetrackingData\eyetracebutler.git\build\eyetracebutler\Win32\Debug\custombuild.read.1.tlog
D:\EyetrackingData\eyetracebutler.git\build\eyetracebutler\Win32\Debug\custombuild.write.1.tlog
D:\EYETRACKINGDATA\EYETRACEBUTLER.GIT\BUILD\EYETRACEBUTLER\WIN32\DEBUG\EYETRACEBUTLER_D.EXE.INTERMEDIATE.MANIFEST
D:\EyetrackingData\eyetracebutler.git\build\eyetracebutler\Win32\Debug\eyetracebutler_d.vcxprojResolveAssemblyReference.cache
D:\EyetrackingData\eyetracebutler.git\build\eyetracebutler\Win32\Debug\eyetracebutler_d.write.1.tlog
D:\EYETRACKINGDATA\EYETRACEBUTLER.GIT\BUILD\EYETRACEBUTLER\WIN32\DEBUG\EYETRACEBUTLER_WIDGET.OBJ
D:\EyetrackingData\eyetracebutler.git\build\eyetracebutler\Win32\Debug\link.command.1.tlog
D:\EyetrackingData\eyetracebutler.git\build\eyetracebutler\Win32\Debug\link.read.1.tlog
D:\EyetrackingData\eyetracebutler.git\build\eyetracebutler\Win32\Debug\link.write.1.tlog
D:\EYETRACKINGDATA\EYETRACEBUTLER.GIT\BUILD\EYETRACEBUTLER\WIN32\DEBUG\MOC_EYETRACEBUTLER_WIDGET.OBJ
D:\EyetrackingData\eyetracebutler.git\build\eyetracebutler\Win32\Debug\mt.command.1.tlog
D:\EyetrackingData\eyetracebutler.git\build\eyetracebutler\Win32\Debug\mt.read.1.tlog
D:\EyetrackingData\eyetracebutler.git\build\eyetracebutler\Win32\Debug\mt.write.1.tlog
D:\EYETRACKINGDATA\EYETRACEBUTLER.GIT\BUILD\EYETRACEBUTLER\WIN32\DEBUG\QRC_EYETRACEBUTLER.OBJ
D:\EYETRACKINGDATA\EYETRACEBUTLER.GIT\BUILD\EYETRACEBUTLER\WIN32\DEBUG\VC100.PDB
