D:\EYE TRACKING DATA\EYETRACEBUTLER.GIT\BUILD\COMMON\COMMON.LIB
D:\EYE TRACKING DATA\EYETRACEBUTLER.GIT\BUILD\COMMON\GENERATEDFILES\QRC_EYETRACEBUTLER.CPP
D:\EYE TRACKING DATA\EYETRACEBUTLER.GIT\BUILD\COMMON\WIN32\DEBUG\COMMON.OBJ
D:\EYE TRACKING DATA\EYETRACEBUTLER.GIT\BUILD\COMMON\WIN32\DEBUG\DATA.OBJ
D:\EYE TRACKING DATA\EYETRACEBUTLER.GIT\BUILD\COMMON\WIN32\DEBUG\PLUGIN.OBJ
D:\EYE TRACKING DATA\EYETRACEBUTLER.GIT\BUILD\COMMON\WIN32\DEBUG\QRC_EYETRACEBUTLER.OBJ
D:\EYE TRACKING DATA\EYETRACEBUTLER.GIT\BUILD\COMMON\WIN32\DEBUG\QUALITY.OBJ
D:\EYE TRACKING DATA\EYETRACEBUTLER.GIT\BUILD\COMMON\WIN32\DEBUG\SUBJECT.OBJ
D:\EYE TRACKING DATA\EYETRACEBUTLER.GIT\BUILD\COMMON\WIN32\DEBUG\VC100.PDB
D:\EyetrackingData\eyetracebutler.git\build\common\.\common.lib
D:\EYETRACKINGDATA\EYETRACEBUTLER.GIT\BUILD\COMMON\COMMON.LIB
D:\EYETRACKINGDATA\EYETRACEBUTLER.GIT\BUILD\COMMON\GENERATEDFILES\QRC_EYETRACEBUTLER.CPP
D:\EyetrackingData\eyetracebutler.git\build\common\Win32\Debug\cl.command.1.tlog
D:\EyetrackingData\eyetracebutler.git\build\common\Win32\Debug\CL.read.1.tlog
D:\EyetrackingData\eyetracebutler.git\build\common\Win32\Debug\CL.write.1.tlog
D:\EYETRACKINGDATA\EYETRACEBUTLER.GIT\BUILD\COMMON\WIN32\DEBUG\COMMON.OBJ
D:\EyetrackingData\eyetracebutler.git\build\common\Win32\Debug\common.vcxprojResolveAssemblyReference.cache
D:\EyetrackingData\eyetracebutler.git\build\common\Win32\Debug\common.write.1.tlog
D:\EyetrackingData\eyetracebutler.git\build\common\Win32\Debug\custombuild.command.1.tlog
D:\EyetrackingData\eyetracebutler.git\build\common\Win32\Debug\custombuild.read.1.tlog
D:\EyetrackingData\eyetracebutler.git\build\common\Win32\Debug\custombuild.write.1.tlog
D:\EYETRACKINGDATA\EYETRACEBUTLER.GIT\BUILD\COMMON\WIN32\DEBUG\DATA.OBJ
D:\EyetrackingData\eyetracebutler.git\build\common\Win32\Debug\lib.command.1.tlog
D:\EyetrackingData\eyetracebutler.git\build\common\Win32\Debug\Lib-link.read.1.tlog
D:\EyetrackingData\eyetracebutler.git\build\common\Win32\Debug\Lib-link.write.1.tlog
D:\EYETRACKINGDATA\EYETRACEBUTLER.GIT\BUILD\COMMON\WIN32\DEBUG\PLUGIN.OBJ
D:\EYETRACKINGDATA\EYETRACEBUTLER.GIT\BUILD\COMMON\WIN32\DEBUG\QRC_EYETRACEBUTLER.OBJ
D:\EYETRACKINGDATA\EYETRACEBUTLER.GIT\BUILD\COMMON\WIN32\DEBUG\QUALITY.OBJ
D:\EYETRACKINGDATA\EYETRACEBUTLER.GIT\BUILD\COMMON\WIN32\DEBUG\SUBJECT.OBJ
D:\EYETRACKINGDATA\EYETRACEBUTLER.GIT\BUILD\COMMON\WIN32\DEBUG\VC100.PDB
