..\..\bin\plug_SMIRED5_d.ilk
..\..\bin\plug_SMIRED5_d.pdb
D:\EYE TRACKING DATA\EYETRACEBUTLER.GIT\BIN\PLUG_SMIRED5_D.DLL
D:\Eye tracking Data\eyetracebutler.git\bin\plug_SMIRED5_d.exp
D:\EYE TRACKING DATA\EYETRACEBUTLER.GIT\BIN\PLUG_SMIRED5_D.ILK
D:\Eye tracking Data\eyetracebutler.git\bin\plug_SMIRED5_d.lib
D:\EYE TRACKING DATA\EYETRACEBUTLER.GIT\BIN\PLUG_SMIRED5_D.PDB
D:\EYE TRACKING DATA\EYETRACEBUTLER.GIT\BUILD\PLUGIN_SMIRED5\GENERATEDFILES\QRC_EYETRACEBUTLER.CPP
D:\EYE TRACKING DATA\EYETRACEBUTLER.GIT\BUILD\PLUGIN_SMIRED5\GENERATEDFILES\UI_SMIRED5.H
D:\EYE TRACKING DATA\EYETRACEBUTLER.GIT\BUILD\PLUGIN_SMIRED5\MOC\MOC_SMIRED5_WIDGET.CPP
D:\EYE TRACKING DATA\EYETRACEBUTLER.GIT\BUILD\PLUGIN_SMIRED5\MOC\MOC_TIMELINEMARKER.CPP
D:\EYE TRACKING DATA\EYETRACEBUTLER.GIT\BUILD\PLUGIN_SMIRED5\WIN32\DEBUG\MOC_SMIRED5_WIDGET.OBJ
D:\EYE TRACKING DATA\EYETRACEBUTLER.GIT\BUILD\PLUGIN_SMIRED5\WIN32\DEBUG\MOC_TIMELINEMARKER.OBJ
D:\EYE TRACKING DATA\EYETRACEBUTLER.GIT\BUILD\PLUGIN_SMIRED5\WIN32\DEBUG\PLUG_SMIRED5_D.DLL.INTERMEDIATE.MANIFEST
D:\EYE TRACKING DATA\EYETRACEBUTLER.GIT\BUILD\PLUGIN_SMIRED5\WIN32\DEBUG\PLUGIN_WIDGET.OBJ
D:\EYE TRACKING DATA\EYETRACEBUTLER.GIT\BUILD\PLUGIN_SMIRED5\WIN32\DEBUG\QRC_EYETRACEBUTLER.OBJ
D:\EYE TRACKING DATA\EYETRACEBUTLER.GIT\BUILD\PLUGIN_SMIRED5\WIN32\DEBUG\SMIRED5.OBJ
D:\EYE TRACKING DATA\EYETRACEBUTLER.GIT\BUILD\PLUGIN_SMIRED5\WIN32\DEBUG\SMIRED5_WIDGET.OBJ
D:\EYE TRACKING DATA\EYETRACEBUTLER.GIT\BUILD\PLUGIN_SMIRED5\WIN32\DEBUG\TIMELINEMARKER.OBJ
D:\EYE TRACKING DATA\EYETRACEBUTLER.GIT\BUILD\PLUGIN_SMIRED5\WIN32\DEBUG\VC100.PDB
D:\EYETRACKINGDATA\EYETRACEBUTLER.GIT\BIN\PLUG_SMIRED5_D.DLL
D:\EyetrackingData\eyetracebutler.git\bin\plug_SMIRED5_d.exp
D:\EYETRACKINGDATA\EYETRACEBUTLER.GIT\BIN\PLUG_SMIRED5_D.ILK
D:\EyetrackingData\eyetracebutler.git\bin\plug_SMIRED5_d.lib
D:\EYETRACKINGDATA\EYETRACEBUTLER.GIT\BIN\PLUG_SMIRED5_D.PDB
D:\EyetrackingData\eyetracebutler.git\build\plugin_smired5\..\..\bin\plug_SMIRED5_d.dll
D:\EYETRACKINGDATA\EYETRACEBUTLER.GIT\BUILD\PLUGIN_SMIRED5\GENERATEDFILES\QRC_EYETRACEBUTLER.CPP
D:\EYETRACKINGDATA\EYETRACEBUTLER.GIT\BUILD\PLUGIN_SMIRED5\GENERATEDFILES\UI_SMIRED5.H
D:\EYETRACKINGDATA\EYETRACEBUTLER.GIT\BUILD\PLUGIN_SMIRED5\MOC\MOC_SMIRED5_WIDGET.CPP
D:\EYETRACKINGDATA\EYETRACEBUTLER.GIT\BUILD\PLUGIN_SMIRED5\MOC\MOC_TIMELINEMARKER.CPP
D:\EyetrackingData\eyetracebutler.git\build\plugin_smired5\Win32\Debug\cl.command.1.tlog
D:\EyetrackingData\eyetracebutler.git\build\plugin_smired5\Win32\Debug\CL.read.1.tlog
D:\EyetrackingData\eyetracebutler.git\build\plugin_smired5\Win32\Debug\CL.write.1.tlog
D:\EyetrackingData\eyetracebutler.git\build\plugin_smired5\Win32\Debug\custombuild.command.1.tlog
D:\EyetrackingData\eyetracebutler.git\build\plugin_smired5\Win32\Debug\custombuild.read.1.tlog
D:\EyetrackingData\eyetracebutler.git\build\plugin_smired5\Win32\Debug\custombuild.write.1.tlog
D:\EyetrackingData\eyetracebutler.git\build\plugin_smired5\Win32\Debug\link.command.1.tlog
D:\EyetrackingData\eyetracebutler.git\build\plugin_smired5\Win32\Debug\link.read.1.tlog
D:\EyetrackingData\eyetracebutler.git\build\plugin_smired5\Win32\Debug\link.write.1.tlog
D:\EYETRACKINGDATA\EYETRACEBUTLER.GIT\BUILD\PLUGIN_SMIRED5\WIN32\DEBUG\MOC_SMIRED5_WIDGET.OBJ
D:\EYETRACKINGDATA\EYETRACEBUTLER.GIT\BUILD\PLUGIN_SMIRED5\WIN32\DEBUG\MOC_TIMELINEMARKER.OBJ
D:\EyetrackingData\eyetracebutler.git\build\plugin_smired5\Win32\Debug\mt.command.1.tlog
D:\EyetrackingData\eyetracebutler.git\build\plugin_smired5\Win32\Debug\mt.read.1.tlog
D:\EyetrackingData\eyetracebutler.git\build\plugin_smired5\Win32\Debug\mt.write.1.tlog
D:\EYETRACKINGDATA\EYETRACEBUTLER.GIT\BUILD\PLUGIN_SMIRED5\WIN32\DEBUG\PLUG_SMIRED5_D.DLL.INTERMEDIATE.MANIFEST
D:\EyetrackingData\eyetracebutler.git\build\plugin_smired5\Win32\Debug\plug_SMIRED5_d.vcxprojResolveAssemblyReference.cache
D:\EyetrackingData\eyetracebutler.git\build\plugin_smired5\Win32\Debug\plug_SMIRED5_d.write.1.tlog
D:\EYETRACKINGDATA\EYETRACEBUTLER.GIT\BUILD\PLUGIN_SMIRED5\WIN32\DEBUG\PLUGIN_WIDGET.OBJ
D:\EYETRACKINGDATA\EYETRACEBUTLER.GIT\BUILD\PLUGIN_SMIRED5\WIN32\DEBUG\QRC_EYETRACEBUTLER.OBJ
D:\EYETRACKINGDATA\EYETRACEBUTLER.GIT\BUILD\PLUGIN_SMIRED5\WIN32\DEBUG\SMIRED5.OBJ
D:\EYETRACKINGDATA\EYETRACEBUTLER.GIT\BUILD\PLUGIN_SMIRED5\WIN32\DEBUG\SMIRED5_WIDGET.OBJ
D:\EYETRACKINGDATA\EYETRACEBUTLER.GIT\BUILD\PLUGIN_SMIRED5\WIN32\DEBUG\TIMELINEMARKER.OBJ
D:\EYETRACKINGDATA\EYETRACEBUTLER.GIT\BUILD\PLUGIN_SMIRED5\WIN32\DEBUG\VC100.PDB
